2024-09-12 14:08:01,708 - INFO - Loaded checkpoint sucessfully
2024-09-12 14:08:01,718 - INFO - Loaded checkpoint sucessfully
2024-09-12 14:08:09,240 - INFO - train_size:12733, val_size:2248, test_size:2248
2024-09-12 14:09:23,963 - INFO - Loaded checkpoint sucessfully
2024-09-12 14:09:23,975 - INFO - Loaded checkpoint sucessfully
2024-09-12 14:09:30,327 - INFO - train_size:12733, val_size:2248, test_size:2248
2024-09-12 14:26:27,021 - INFO - Model save with dice score 0.4209399108299391 at epoch 0
2024-09-12 14:26:27,022 - INFO - Epoch [1/1000] - Train Loss: 0.6017, Validation Loss: 0.5791, Score: 0.4209
2024-09-12 14:43:31,933 - INFO - Model save with dice score 0.571781686604075 at epoch 1
2024-09-12 14:43:31,935 - INFO - Epoch [2/1000] - Train Loss: 0.4157, Validation Loss: 0.4282, Score: 0.5718
2024-09-12 15:00:22,638 - INFO - Epoch [3/1000] - Train Loss: 0.3779, Validation Loss: 0.4499, Score: 0.5501
2024-09-12 15:16:18,888 - INFO - Model save with dice score 0.6084663994799278 at epoch 3
2024-09-12 15:16:18,889 - INFO - Epoch [4/1000] - Train Loss: 0.3656, Validation Loss: 0.3915, Score: 0.6085
2024-09-12 15:33:19,049 - INFO - Epoch [5/1000] - Train Loss: 0.3576, Validation Loss: 0.4103, Score: 0.5897
2024-09-12 15:50:12,675 - INFO - Epoch [6/1000] - Train Loss: 0.3435, Validation Loss: 0.4511, Score: 0.5489
2024-09-12 16:58:41,325 - INFO - Loaded checkpoint sucessfully
2024-09-12 16:58:41,342 - INFO - Loaded checkpoint sucessfully
2024-09-12 16:58:48,491 - INFO - train_size:12733, val_size:2248, test_size:2248
2024-09-12 16:59:19,178 - INFO - Loaded checkpoint sucessfully
2024-09-12 16:59:19,186 - INFO - Loaded checkpoint sucessfully
2024-09-12 16:59:25,480 - INFO - train_size:12733, val_size:2248, test_size:2248
2024-09-12 17:14:36,285 - INFO - Model save with dice score 0.598491850615279 at epoch 0
2024-09-12 17:14:36,286 - INFO - Epoch [1/1000] - Train Loss: 0.3409, Validation Loss: 0.4015, Score: 0.5985
2024-09-12 17:29:41,937 - INFO - Model save with dice score 0.6550311482973945 at epoch 1
2024-09-12 17:29:41,937 - INFO - Epoch [2/1000] - Train Loss: 0.3334, Validation Loss: 0.3450, Score: 0.6550
2024-09-12 17:44:51,631 - INFO - Epoch [3/1000] - Train Loss: 0.3242, Validation Loss: 0.3814, Score: 0.6186
2024-09-12 18:00:00,278 - INFO - Epoch [4/1000] - Train Loss: 0.3197, Validation Loss: 0.3885, Score: 0.6115
2024-09-12 18:15:07,705 - INFO - Epoch [5/1000] - Train Loss: 0.3099, Validation Loss: 0.3532, Score: 0.6468
2024-09-12 18:30:15,564 - INFO - Model save with dice score 0.6603183649450829 at epoch 5
2024-09-12 18:30:15,565 - INFO - Epoch [6/1000] - Train Loss: 0.3105, Validation Loss: 0.3397, Score: 0.6603
2024-09-12 18:45:44,457 - INFO - Epoch [7/1000] - Train Loss: 0.2946, Validation Loss: 0.3755, Score: 0.6245
2024-09-12 19:00:49,845 - INFO - Model save with dice score 0.6697791776767728 at epoch 7
2024-09-12 19:00:49,845 - INFO - Epoch [8/1000] - Train Loss: 0.2777, Validation Loss: 0.3302, Score: 0.6698
2024-09-12 19:15:54,551 - INFO - Epoch [9/1000] - Train Loss: 0.2707, Validation Loss: 0.3380, Score: 0.6620
2024-09-12 19:30:59,912 - INFO - Model save with dice score 0.709879969712603 at epoch 9
2024-09-12 19:30:59,912 - INFO - Epoch [10/1000] - Train Loss: 0.2555, Validation Loss: 0.2901, Score: 0.7099
2024-09-12 19:46:03,974 - INFO - Epoch [11/1000] - Train Loss: 0.2456, Validation Loss: 0.3044, Score: 0.6956
2024-09-12 20:01:08,617 - INFO - Epoch [12/1000] - Train Loss: 0.2367, Validation Loss: 0.2972, Score: 0.7028
2024-09-12 20:16:13,299 - INFO - Epoch [13/1000] - Train Loss: 0.2284, Validation Loss: 0.3042, Score: 0.6958
2024-09-12 20:31:17,421 - INFO - Model save with dice score 0.7294259189536244 at epoch 13
2024-09-12 20:31:17,422 - INFO - Epoch [14/1000] - Train Loss: 0.2214, Validation Loss: 0.2706, Score: 0.7294
2024-09-12 20:46:20,993 - INFO - Model save with dice score 0.7362880100193597 at epoch 14
2024-09-12 20:46:20,993 - INFO - Epoch [15/1000] - Train Loss: 0.2123, Validation Loss: 0.2637, Score: 0.7363
2024-09-12 21:01:26,581 - INFO - Model save with dice score 0.7484701295955821 at epoch 15
2024-09-12 21:01:26,582 - INFO - Epoch [16/1000] - Train Loss: 0.1991, Validation Loss: 0.2515, Score: 0.7485
2024-09-12 21:16:33,025 - INFO - Epoch [17/1000] - Train Loss: 0.2148, Validation Loss: 0.2641, Score: 0.7359
2024-09-12 21:31:38,761 - INFO - Model save with dice score 0.7484893186759711 at epoch 17
2024-09-12 21:31:38,761 - INFO - Epoch [18/1000] - Train Loss: 0.2007, Validation Loss: 0.2515, Score: 0.7485
2024-09-12 21:46:50,058 - INFO - Model save with dice score 0.756938519708776 at epoch 18
2024-09-12 21:46:50,059 - INFO - Epoch [19/1000] - Train Loss: 0.1926, Validation Loss: 0.2431, Score: 0.7569
2024-09-12 22:01:55,095 - INFO - Model save with dice score 0.757297294414508 at epoch 19
2024-09-12 22:01:55,095 - INFO - Epoch [20/1000] - Train Loss: 0.1825, Validation Loss: 0.2427, Score: 0.7573
2024-09-12 22:17:00,190 - INFO - Model save with dice score 0.7593519632855404 at epoch 20
2024-09-12 22:17:00,190 - INFO - Epoch [21/1000] - Train Loss: 0.1806, Validation Loss: 0.2406, Score: 0.7594
2024-09-12 22:32:06,704 - INFO - Model save with dice score 0.7807532473534721 at epoch 21
2024-09-12 22:32:06,705 - INFO - Epoch [22/1000] - Train Loss: 0.1640, Validation Loss: 0.2192, Score: 0.7808
2024-09-12 22:47:13,209 - INFO - Epoch [23/1000] - Train Loss: 0.1549, Validation Loss: 0.2197, Score: 0.7803
2024-09-12 23:02:17,784 - INFO - Epoch [24/1000] - Train Loss: 0.1796, Validation Loss: 0.2643, Score: 0.7357
2024-09-12 23:17:23,317 - INFO - Epoch [25/1000] - Train Loss: 0.1576, Validation Loss: 0.2476, Score: 0.7524
2024-09-12 23:32:28,326 - INFO - Epoch [26/1000] - Train Loss: 0.1435, Validation Loss: 0.2314, Score: 0.7686
2024-09-12 23:47:33,590 - INFO - Epoch [27/1000] - Train Loss: 0.1418, Validation Loss: 0.2243, Score: 0.7757
2024-09-13 00:02:38,382 - INFO - Model save with dice score 0.7891672640925861 at epoch 27
2024-09-13 00:02:38,382 - INFO - Epoch [28/1000] - Train Loss: 0.1402, Validation Loss: 0.2108, Score: 0.7892
2024-09-13 00:17:44,832 - INFO - Epoch [29/1000] - Train Loss: 0.1468, Validation Loss: 0.2113, Score: 0.7887
2024-09-13 00:32:50,784 - INFO - Epoch [30/1000] - Train Loss: 0.1396, Validation Loss: 0.2359, Score: 0.7641
2024-09-13 00:47:55,899 - INFO - Epoch [31/1000] - Train Loss: 0.1384, Validation Loss: 0.2116, Score: 0.7884
2024-09-13 01:03:00,137 - INFO - Model save with dice score 0.8021192607325567 at epoch 31
2024-09-13 01:03:00,138 - INFO - Epoch [32/1000] - Train Loss: 0.1330, Validation Loss: 0.1979, Score: 0.8021
2024-09-13 01:18:04,122 - INFO - Epoch [33/1000] - Train Loss: 0.1310, Validation Loss: 0.2095, Score: 0.7905
2024-09-13 01:33:07,060 - INFO - Epoch [34/1000] - Train Loss: 0.1398, Validation Loss: 0.2163, Score: 0.7837
2024-09-13 01:48:11,852 - INFO - Epoch [35/1000] - Train Loss: 0.1264, Validation Loss: 0.2149, Score: 0.7851
2024-09-13 02:03:15,065 - INFO - Epoch [36/1000] - Train Loss: 0.1244, Validation Loss: 0.2099, Score: 0.7901
2024-09-13 02:18:19,034 - INFO - Epoch [37/1000] - Train Loss: 0.1236, Validation Loss: 0.1998, Score: 0.8002
2024-09-13 02:33:22,936 - INFO - Model save with dice score 0.8046254822066132 at epoch 37
2024-09-13 02:33:22,937 - INFO - Epoch [38/1000] - Train Loss: 0.1224, Validation Loss: 0.1954, Score: 0.8046
2024-09-13 02:48:26,904 - INFO - Epoch [39/1000] - Train Loss: 0.1468, Validation Loss: 0.2027, Score: 0.7973
2024-09-13 03:03:32,368 - INFO - Model save with dice score 0.8057507203078605 at epoch 39
2024-09-13 03:03:32,368 - INFO - Epoch [40/1000] - Train Loss: 0.1212, Validation Loss: 0.1942, Score: 0.8058
2024-09-13 03:18:38,395 - INFO - Epoch [41/1000] - Train Loss: 0.1178, Validation Loss: 0.1957, Score: 0.8043
2024-09-13 03:33:42,369 - INFO - Model save with dice score 0.8139196021119985 at epoch 41
2024-09-13 03:33:42,370 - INFO - Epoch [42/1000] - Train Loss: 0.1168, Validation Loss: 0.1861, Score: 0.8139
2024-09-13 03:48:46,804 - INFO - Epoch [43/1000] - Train Loss: 0.1177, Validation Loss: 0.2039, Score: 0.7961
2024-09-13 04:03:50,360 - INFO - Model save with dice score 0.8146909817735153 at epoch 43
2024-09-13 04:03:50,360 - INFO - Epoch [44/1000] - Train Loss: 0.1178, Validation Loss: 0.1853, Score: 0.8147
2024-09-13 04:18:54,525 - INFO - Epoch [45/1000] - Train Loss: 0.1149, Validation Loss: 0.1992, Score: 0.8008
2024-09-13 04:33:57,883 - INFO - Epoch [46/1000] - Train Loss: 0.1145, Validation Loss: 0.2021, Score: 0.7979
2024-09-13 04:49:02,005 - INFO - Epoch [47/1000] - Train Loss: 0.1124, Validation Loss: 0.2004, Score: 0.7996
2024-09-13 05:04:07,137 - INFO - Epoch [48/1000] - Train Loss: 0.1212, Validation Loss: 0.2340, Score: 0.7660
2024-09-13 05:19:12,314 - INFO - Model save with dice score 0.8185960175797449 at epoch 48
2024-09-13 05:19:12,315 - INFO - Epoch [49/1000] - Train Loss: 0.1238, Validation Loss: 0.1814, Score: 0.8186
2024-09-13 05:34:16,783 - INFO - Model save with dice score 0.8197927275823403 at epoch 49
2024-09-13 05:34:16,784 - INFO - Epoch [50/1000] - Train Loss: 0.1114, Validation Loss: 0.1802, Score: 0.8198
2024-09-13 05:49:20,433 - INFO - Epoch [51/1000] - Train Loss: 0.1099, Validation Loss: 0.1864, Score: 0.8136
2024-09-13 06:04:25,307 - INFO - Epoch [52/1000] - Train Loss: 0.1099, Validation Loss: 0.1849, Score: 0.8151
2024-09-13 06:19:30,051 - INFO - Epoch [53/1000] - Train Loss: 0.1136, Validation Loss: 0.2069, Score: 0.7931
2024-09-13 06:34:35,400 - INFO - Epoch [54/1000] - Train Loss: 0.1220, Validation Loss: 0.1817, Score: 0.8183
2024-09-13 06:49:39,716 - INFO - Model save with dice score 0.8238818462898924 at epoch 54
2024-09-13 06:49:39,716 - INFO - Epoch [55/1000] - Train Loss: 0.1085, Validation Loss: 0.1761, Score: 0.8239
2024-09-13 07:04:44,055 - INFO - Epoch [56/1000] - Train Loss: 0.1088, Validation Loss: 0.1803, Score: 0.8197
2024-09-13 07:19:48,299 - INFO - Epoch [57/1000] - Train Loss: 0.1067, Validation Loss: 0.1886, Score: 0.8114
2024-09-13 07:34:53,517 - INFO - Epoch [58/1000] - Train Loss: 0.1082, Validation Loss: 0.1854, Score: 0.8146
2024-09-13 07:49:58,177 - INFO - Epoch [59/1000] - Train Loss: 0.1085, Validation Loss: 0.1993, Score: 0.8007
2024-09-13 08:05:02,893 - INFO - Epoch [60/1000] - Train Loss: 0.1125, Validation Loss: 0.1876, Score: 0.8124
2024-09-13 08:20:06,467 - INFO - Epoch [61/1000] - Train Loss: 0.1057, Validation Loss: 0.1873, Score: 0.8127
2024-09-13 08:35:14,918 - INFO - Epoch [62/1000] - Train Loss: 0.1045, Validation Loss: 0.2032, Score: 0.7968
2024-09-13 08:50:18,743 - INFO - Epoch [63/1000] - Train Loss: 0.1057, Validation Loss: 0.1892, Score: 0.8108
2024-09-13 09:05:23,291 - INFO - Epoch [64/1000] - Train Loss: 0.1323, Validation Loss: 0.1784, Score: 0.8216
2024-09-13 09:20:28,617 - INFO - Model save with dice score 0.8296820232251161 at epoch 64
2024-09-13 09:20:28,617 - INFO - Epoch [65/1000] - Train Loss: 0.1061, Validation Loss: 0.1703, Score: 0.8297
2024-09-13 09:35:33,451 - INFO - Epoch [66/1000] - Train Loss: 0.1045, Validation Loss: 0.1709, Score: 0.8291
2024-09-13 09:50:38,178 - INFO - Epoch [67/1000] - Train Loss: 0.1051, Validation Loss: 0.1905, Score: 0.8095
2024-09-13 10:05:44,273 - INFO - Epoch [68/1000] - Train Loss: 0.1103, Validation Loss: 0.1782, Score: 0.8218
2024-09-13 10:20:53,186 - INFO - Epoch [69/1000] - Train Loss: 0.1040, Validation Loss: 0.1717, Score: 0.8283
2024-09-13 10:36:01,098 - INFO - Model save with dice score 0.8296968207036065 at epoch 69
2024-09-13 10:36:01,099 - INFO - Epoch [70/1000] - Train Loss: 0.1030, Validation Loss: 0.1703, Score: 0.8297
2024-09-13 10:51:07,649 - INFO - Model save with dice score 0.8310447138808766 at epoch 70
2024-09-13 10:51:07,650 - INFO - Epoch [71/1000] - Train Loss: 0.1029, Validation Loss: 0.1690, Score: 0.8310
2024-09-13 11:06:19,561 - INFO - Epoch [72/1000] - Train Loss: 0.1032, Validation Loss: 0.1691, Score: 0.8309
2024-09-13 11:21:28,099 - INFO - Epoch [73/1000] - Train Loss: 0.1176, Validation Loss: 0.1776, Score: 0.8224
2024-09-13 11:36:33,232 - INFO - Epoch [74/1000] - Train Loss: 0.1049, Validation Loss: 0.1695, Score: 0.8305
2024-09-13 11:51:38,679 - INFO - Epoch [75/1000] - Train Loss: 0.1028, Validation Loss: 0.1720, Score: 0.8280
2024-09-13 12:06:52,723 - INFO - Epoch [76/1000] - Train Loss: 0.1030, Validation Loss: 0.1712, Score: 0.8288
2024-09-13 12:21:58,517 - INFO - Epoch [77/1000] - Train Loss: 0.1041, Validation Loss: 0.1699, Score: 0.8301
2024-09-13 12:37:03,845 - INFO - Epoch [78/1000] - Train Loss: 0.1021, Validation Loss: 0.2044, Score: 0.7956
2024-09-13 12:52:08,679 - INFO - Model save with dice score 0.8320190696083468 at epoch 78
2024-09-13 12:52:08,679 - INFO - Epoch [79/1000] - Train Loss: 0.1051, Validation Loss: 0.1680, Score: 0.8320
2024-09-13 13:07:12,641 - INFO - Epoch [80/1000] - Train Loss: 0.1029, Validation Loss: 0.1757, Score: 0.8243
2024-09-13 13:22:19,584 - INFO - Epoch [81/1000] - Train Loss: 0.1025, Validation Loss: 0.1691, Score: 0.8309
2024-09-13 13:37:27,870 - INFO - Epoch [82/1000] - Train Loss: 0.1011, Validation Loss: 0.1693, Score: 0.8307
2024-09-13 13:52:39,834 - INFO - Epoch [83/1000] - Train Loss: 0.1022, Validation Loss: 0.1711, Score: 0.8289
2024-09-13 14:07:48,909 - INFO - Epoch [84/1000] - Train Loss: 0.1159, Validation Loss: 0.1707, Score: 0.8293
2024-09-13 14:22:54,917 - INFO - Epoch [85/1000] - Train Loss: 0.1019, Validation Loss: 0.1698, Score: 0.8302
2024-09-13 14:38:02,867 - INFO - Epoch [86/1000] - Train Loss: 0.1011, Validation Loss: 0.1704, Score: 0.8296
2024-09-13 14:53:09,934 - INFO - Model save with dice score 0.8357615265560756 at epoch 86
2024-09-13 14:53:09,934 - INFO - Epoch [87/1000] - Train Loss: 0.1000, Validation Loss: 0.1642, Score: 0.8358
2024-09-13 15:08:15,316 - INFO - Epoch [88/1000] - Train Loss: 0.1002, Validation Loss: 0.1731, Score: 0.8269
2024-09-13 15:23:21,293 - INFO - Epoch [89/1000] - Train Loss: 0.0999, Validation Loss: 0.1716, Score: 0.8284
2024-09-13 15:38:26,605 - INFO - Epoch [90/1000] - Train Loss: 0.0997, Validation Loss: 0.1718, Score: 0.8282
2024-09-13 15:53:32,023 - INFO - Epoch [91/1000] - Train Loss: 0.0997, Validation Loss: 0.2025, Score: 0.7975
2024-09-13 16:08:38,840 - INFO - Epoch [92/1000] - Train Loss: 0.1130, Validation Loss: 0.1702, Score: 0.8298
2024-09-13 16:23:45,976 - INFO - Epoch [93/1000] - Train Loss: 0.1002, Validation Loss: 0.1720, Score: 0.8280
2024-09-13 16:38:53,457 - INFO - Epoch [94/1000] - Train Loss: 0.0993, Validation Loss: 0.1750, Score: 0.8250
2024-09-13 16:53:59,162 - INFO - Epoch [95/1000] - Train Loss: 0.0995, Validation Loss: 0.1689, Score: 0.8311
2024-09-13 17:09:07,462 - INFO - Epoch [96/1000] - Train Loss: 0.0992, Validation Loss: 0.1717, Score: 0.8283
2024-09-13 17:24:22,359 - INFO - Epoch [97/1000] - Train Loss: 0.0986, Validation Loss: 0.1701, Score: 0.8299
2024-09-13 17:39:40,061 - INFO - Model save with dice score 0.8366492528888122 at epoch 97
2024-09-13 17:39:40,061 - INFO - Epoch [98/1000] - Train Loss: 0.0991, Validation Loss: 0.1634, Score: 0.8366
2024-09-13 17:54:55,182 - INFO - Epoch [99/1000] - Train Loss: 0.1063, Validation Loss: 0.2161, Score: 0.7839
2024-09-13 18:10:08,518 - INFO - Epoch [100/1000] - Train Loss: 0.1066, Validation Loss: 0.1754, Score: 0.8246
2024-09-13 18:25:24,540 - INFO - Epoch [101/1000] - Train Loss: 0.0994, Validation Loss: 0.1747, Score: 0.8253
2024-09-13 18:40:37,080 - INFO - Epoch [102/1000] - Train Loss: 0.0985, Validation Loss: 0.1653, Score: 0.8347
2024-09-13 18:55:48,310 - INFO - Epoch [103/1000] - Train Loss: 0.0979, Validation Loss: 0.1665, Score: 0.8335
2024-09-13 19:10:55,476 - INFO - Epoch [104/1000] - Train Loss: 0.0976, Validation Loss: 0.1723, Score: 0.8277
2024-09-13 19:26:01,186 - INFO - Epoch [105/1000] - Train Loss: 0.0977, Validation Loss: 0.1673, Score: 0.8327
2024-09-13 19:41:04,620 - INFO - Epoch [106/1000] - Train Loss: 0.0977, Validation Loss: 0.1661, Score: 0.8339
2024-09-13 19:56:08,124 - INFO - Epoch [107/1000] - Train Loss: 0.0977, Validation Loss: 0.1678, Score: 0.8322
2024-09-13 20:11:11,441 - INFO - Epoch [108/1000] - Train Loss: 0.1136, Validation Loss: 0.2301, Score: 0.7699
2024-09-13 20:26:13,971 - INFO - Epoch [109/1000] - Train Loss: 0.1048, Validation Loss: 0.1651, Score: 0.8349
2024-09-13 20:41:18,587 - INFO - Epoch [110/1000] - Train Loss: 0.0990, Validation Loss: 0.1683, Score: 0.8317
2024-09-13 20:56:22,208 - INFO - Epoch [111/1000] - Train Loss: 0.0978, Validation Loss: 0.1677, Score: 0.8323
2024-09-13 21:11:24,871 - INFO - Epoch [112/1000] - Train Loss: 0.0968, Validation Loss: 0.1699, Score: 0.8301
2024-09-13 21:26:27,706 - INFO - Epoch [113/1000] - Train Loss: 0.0969, Validation Loss: 0.1679, Score: 0.8321
2024-09-13 21:41:30,502 - INFO - Epoch [114/1000] - Train Loss: 0.0968, Validation Loss: 0.1769, Score: 0.8231
2024-09-13 21:56:33,818 - INFO - Epoch [115/1000] - Train Loss: 0.0969, Validation Loss: 0.1671, Score: 0.8329
2024-09-13 22:11:36,475 - INFO - Epoch [116/1000] - Train Loss: 0.0967, Validation Loss: 0.1666, Score: 0.8334
2024-09-13 22:26:38,743 - INFO - Epoch [117/1000] - Train Loss: 0.0992, Validation Loss: 0.1711, Score: 0.8289
2024-09-13 22:41:41,747 - INFO - Epoch [118/1000] - Train Loss: 0.0980, Validation Loss: 0.1667, Score: 0.8333
2024-09-13 22:56:43,728 - INFO - Epoch [119/1000] - Train Loss: 0.0967, Validation Loss: 0.1689, Score: 0.8311
2024-09-13 23:11:47,948 - INFO - Epoch [120/1000] - Train Loss: 0.0973, Validation Loss: 0.1676, Score: 0.8324
2024-09-13 23:26:52,055 - INFO - Epoch [121/1000] - Train Loss: 0.0972, Validation Loss: 0.1683, Score: 0.8317
2024-09-13 23:41:55,823 - INFO - Model save with dice score 0.8378633492967298 at epoch 121
2024-09-13 23:41:55,823 - INFO - Epoch [122/1000] - Train Loss: 0.0965, Validation Loss: 0.1621, Score: 0.8379
2024-09-13 23:56:59,298 - INFO - Epoch [123/1000] - Train Loss: 0.1072, Validation Loss: 0.1969, Score: 0.8031
2024-09-14 00:12:02,639 - INFO - Epoch [124/1000] - Train Loss: 0.1015, Validation Loss: 0.1662, Score: 0.8338
2024-09-14 00:27:06,718 - INFO - Epoch [125/1000] - Train Loss: 0.0983, Validation Loss: 0.1654, Score: 0.8346
2024-09-14 00:42:20,488 - INFO - Epoch [126/1000] - Train Loss: 0.0977, Validation Loss: 0.1656, Score: 0.8344
2024-09-14 00:57:27,116 - INFO - Epoch [127/1000] - Train Loss: 0.0979, Validation Loss: 0.1787, Score: 0.8213
2024-09-14 01:12:35,905 - INFO - Epoch [128/1000] - Train Loss: 0.0971, Validation Loss: 0.1664, Score: 0.8336
2024-09-14 01:27:39,996 - INFO - Epoch [129/1000] - Train Loss: 0.0963, Validation Loss: 0.1623, Score: 0.8377
2024-09-14 01:42:43,676 - INFO - Model save with dice score 0.8418904840946198 at epoch 129
2024-09-14 01:42:43,677 - INFO - Epoch [130/1000] - Train Loss: 0.1011, Validation Loss: 0.1581, Score: 0.8419
2024-09-14 01:57:47,160 - INFO - Epoch [131/1000] - Train Loss: 0.0976, Validation Loss: 0.1610, Score: 0.8390
2024-09-14 02:12:50,524 - INFO - Epoch [132/1000] - Train Loss: 0.0958, Validation Loss: 0.1634, Score: 0.8366
2024-09-14 02:27:53,354 - INFO - Epoch [133/1000] - Train Loss: 0.0959, Validation Loss: 0.1609, Score: 0.8391
2024-09-14 02:42:57,167 - INFO - Epoch [134/1000] - Train Loss: 0.0959, Validation Loss: 0.1607, Score: 0.8393
2024-09-14 02:58:00,174 - INFO - Epoch [135/1000] - Train Loss: 0.0958, Validation Loss: 0.1601, Score: 0.8399
2024-09-14 03:13:04,151 - INFO - Epoch [136/1000] - Train Loss: 0.0958, Validation Loss: 0.1613, Score: 0.8387
2024-09-14 03:28:08,293 - INFO - Epoch [137/1000] - Train Loss: 0.0958, Validation Loss: 0.1711, Score: 0.8289
2024-09-14 03:43:12,126 - INFO - Epoch [138/1000] - Train Loss: 0.0987, Validation Loss: 0.1600, Score: 0.8400
2024-09-14 03:58:15,288 - INFO - Epoch [139/1000] - Train Loss: 0.0965, Validation Loss: 0.1636, Score: 0.8364
2024-09-14 04:13:20,505 - INFO - Epoch [140/1000] - Train Loss: 0.0957, Validation Loss: 0.1629, Score: 0.8371
2024-09-14 04:28:24,446 - INFO - Model save with dice score 0.842591765686502 at epoch 140
2024-09-14 04:28:24,447 - INFO - Epoch [141/1000] - Train Loss: 0.0960, Validation Loss: 0.1574, Score: 0.8426
2024-09-14 04:43:27,667 - INFO - Model save with dice score 0.8431410774954228 at epoch 141
2024-09-14 04:43:27,667 - INFO - Epoch [142/1000] - Train Loss: 0.0957, Validation Loss: 0.1569, Score: 0.8431
2024-09-14 04:58:31,138 - INFO - Epoch [143/1000] - Train Loss: 0.1036, Validation Loss: 0.1651, Score: 0.8349
2024-09-14 05:13:35,685 - INFO - Epoch [144/1000] - Train Loss: 0.1013, Validation Loss: 0.1626, Score: 0.8374
2024-09-14 05:28:38,965 - INFO - Epoch [145/1000] - Train Loss: 0.0977, Validation Loss: 0.1624, Score: 0.8376
2024-09-14 05:43:41,798 - INFO - Epoch [146/1000] - Train Loss: 0.0968, Validation Loss: 0.1682, Score: 0.8318
2024-09-14 05:58:45,711 - INFO - Epoch [147/1000] - Train Loss: 0.0957, Validation Loss: 0.1609, Score: 0.8391
2024-09-14 06:13:48,547 - INFO - Epoch [148/1000] - Train Loss: 0.0953, Validation Loss: 0.1641, Score: 0.8359
2024-09-14 06:28:51,090 - INFO - Epoch [149/1000] - Train Loss: 0.0950, Validation Loss: 0.1637, Score: 0.8363
2024-09-14 06:43:55,438 - INFO - Epoch [150/1000] - Train Loss: 0.0951, Validation Loss: 0.1602, Score: 0.8398
2024-09-14 06:58:59,554 - INFO - Epoch [151/1000] - Train Loss: 0.0950, Validation Loss: 0.1648, Score: 0.8352
2024-09-14 07:14:03,755 - INFO - Epoch [152/1000] - Train Loss: 0.0951, Validation Loss: 0.1611, Score: 0.8389
2024-09-14 07:29:07,587 - INFO - Epoch [153/1000] - Train Loss: 0.0951, Validation Loss: 0.1642, Score: 0.8358
2024-09-14 07:44:10,534 - INFO - Epoch [154/1000] - Train Loss: 0.0953, Validation Loss: 0.1614, Score: 0.8386
2024-09-14 07:59:15,669 - INFO - Epoch [155/1000] - Train Loss: 0.1060, Validation Loss: 0.1911, Score: 0.8089
2024-09-14 08:14:19,587 - INFO - Epoch [156/1000] - Train Loss: 0.1001, Validation Loss: 0.1684, Score: 0.8316
2024-09-14 08:29:22,896 - INFO - Epoch [157/1000] - Train Loss: 0.0958, Validation Loss: 0.1666, Score: 0.8334
2024-09-14 08:44:26,828 - INFO - Epoch [158/1000] - Train Loss: 0.0953, Validation Loss: 0.1640, Score: 0.8360
2024-09-14 08:59:30,232 - INFO - Epoch [159/1000] - Train Loss: 0.0950, Validation Loss: 0.1659, Score: 0.8341
2024-09-14 09:14:33,531 - INFO - Epoch [160/1000] - Train Loss: 0.0947, Validation Loss: 0.1647, Score: 0.8353
2024-09-14 09:29:37,580 - INFO - Epoch [161/1000] - Train Loss: 0.0948, Validation Loss: 0.1620, Score: 0.8380
2024-09-14 09:44:42,354 - INFO - Epoch [162/1000] - Train Loss: 0.0946, Validation Loss: 0.1663, Score: 0.8337
2024-09-14 09:59:46,169 - INFO - Epoch [163/1000] - Train Loss: 0.0948, Validation Loss: 0.1668, Score: 0.8332
2024-09-14 10:14:51,115 - INFO - Epoch [164/1000] - Train Loss: 0.0947, Validation Loss: 0.1648, Score: 0.8352
2024-09-14 10:29:55,449 - INFO - Epoch [165/1000] - Train Loss: 0.0946, Validation Loss: 0.1623, Score: 0.8377
2024-09-14 10:44:59,260 - INFO - Epoch [166/1000] - Train Loss: 0.0948, Validation Loss: 0.1622, Score: 0.8378
2024-09-14 11:00:01,230 - INFO - Epoch [167/1000] - Train Loss: 0.0951, Validation Loss: 0.1642, Score: 0.8358
2024-09-14 11:15:04,803 - INFO - Epoch [168/1000] - Train Loss: 0.0947, Validation Loss: 0.1653, Score: 0.8347
2024-09-14 11:30:06,730 - INFO - Epoch [169/1000] - Train Loss: 0.1022, Validation Loss: 0.2085, Score: 0.7915
2024-09-14 11:45:11,307 - INFO - Epoch [170/1000] - Train Loss: 0.0978, Validation Loss: 0.1617, Score: 0.8383
2024-09-14 12:00:16,266 - INFO - Epoch [171/1000] - Train Loss: 0.0951, Validation Loss: 0.1626, Score: 0.8374
2024-09-14 12:15:20,277 - INFO - Epoch [172/1000] - Train Loss: 0.0948, Validation Loss: 0.1634, Score: 0.8366
2024-09-14 12:30:24,865 - INFO - Epoch [173/1000] - Train Loss: 0.0943, Validation Loss: 0.1608, Score: 0.8392
2024-09-14 12:45:27,317 - INFO - Epoch [174/1000] - Train Loss: 0.0939, Validation Loss: 0.1604, Score: 0.8396
2024-09-14 13:00:31,505 - INFO - Epoch [175/1000] - Train Loss: 0.0946, Validation Loss: 0.1608, Score: 0.8392
2024-09-14 13:15:36,240 - INFO - Epoch [176/1000] - Train Loss: 0.0942, Validation Loss: 0.1591, Score: 0.8409
2024-09-14 13:30:39,959 - INFO - Epoch [177/1000] - Train Loss: 0.0942, Validation Loss: 0.1592, Score: 0.8408
2024-09-14 13:45:43,714 - INFO - Epoch [178/1000] - Train Loss: 0.0946, Validation Loss: 0.1591, Score: 0.8409
2024-09-14 14:00:47,665 - INFO - Epoch [179/1000] - Train Loss: 0.0946, Validation Loss: 0.1624, Score: 0.8376
2024-09-14 14:15:51,739 - INFO - Epoch [180/1000] - Train Loss: 0.0946, Validation Loss: 0.1610, Score: 0.8390
2024-09-14 14:30:56,509 - INFO - Epoch [181/1000] - Train Loss: 0.0947, Validation Loss: 0.1641, Score: 0.8359
2024-09-14 14:46:01,298 - INFO - Epoch [182/1000] - Train Loss: 0.0947, Validation Loss: 0.1577, Score: 0.8423
2024-09-14 15:01:05,088 - INFO - Epoch [183/1000] - Train Loss: 0.0961, Validation Loss: 0.1610, Score: 0.8390
2024-09-14 15:16:09,513 - INFO - Epoch [184/1000] - Train Loss: 0.0952, Validation Loss: 0.1584, Score: 0.8416
2024-09-14 15:31:14,917 - INFO - Epoch [185/1000] - Train Loss: 0.0946, Validation Loss: 0.1647, Score: 0.8353
2024-09-14 15:46:18,779 - INFO - Epoch [186/1000] - Train Loss: 0.0943, Validation Loss: 0.1569, Score: 0.8431
2024-09-14 16:01:23,470 - INFO - Model save with dice score 0.8432016417803899 at epoch 186
2024-09-14 16:01:23,471 - INFO - Epoch [187/1000] - Train Loss: 0.0942, Validation Loss: 0.1568, Score: 0.8432
2024-09-14 16:16:27,278 - INFO - Model save with dice score 0.845314332926777 at epoch 187
2024-09-14 16:16:27,278 - INFO - Epoch [188/1000] - Train Loss: 0.0942, Validation Loss: 0.1547, Score: 0.8453
2024-09-14 16:31:31,939 - INFO - Model save with dice score 0.8467428831147475 at epoch 188
2024-09-14 16:31:31,940 - INFO - Epoch [189/1000] - Train Loss: 0.0941, Validation Loss: 0.1533, Score: 0.8467
2024-09-14 16:46:36,545 - INFO - Epoch [190/1000] - Train Loss: 0.0946, Validation Loss: 0.1571, Score: 0.8429
2024-09-14 17:01:40,120 - INFO - Epoch [191/1000] - Train Loss: 0.0942, Validation Loss: 0.1604, Score: 0.8396
2024-09-14 17:16:44,635 - INFO - Epoch [192/1000] - Train Loss: 0.0941, Validation Loss: 0.1566, Score: 0.8434
2024-09-14 17:31:48,804 - INFO - Epoch [193/1000] - Train Loss: 0.1031, Validation Loss: 0.1631, Score: 0.8369
2024-09-14 17:46:52,655 - INFO - Epoch [194/1000] - Train Loss: 0.0960, Validation Loss: 0.1560, Score: 0.8440
2024-09-14 18:01:55,491 - INFO - Epoch [195/1000] - Train Loss: 0.0942, Validation Loss: 0.1575, Score: 0.8425
2024-09-14 18:16:58,794 - INFO - Epoch [196/1000] - Train Loss: 0.0941, Validation Loss: 0.1543, Score: 0.8457
2024-09-14 18:32:02,281 - INFO - Epoch [197/1000] - Train Loss: 0.0936, Validation Loss: 0.1553, Score: 0.8447
2024-09-14 18:47:06,168 - INFO - Epoch [198/1000] - Train Loss: 0.0933, Validation Loss: 0.1555, Score: 0.8445
2024-09-14 19:02:08,783 - INFO - Epoch [199/1000] - Train Loss: 0.0936, Validation Loss: 0.1544, Score: 0.8456
2024-09-14 19:17:10,592 - INFO - Epoch [200/1000] - Train Loss: 0.0935, Validation Loss: 0.1565, Score: 0.8435
2024-09-14 19:32:13,199 - INFO - Epoch [201/1000] - Train Loss: 0.0939, Validation Loss: 0.1570, Score: 0.8430
2024-09-14 19:47:16,156 - INFO - Epoch [202/1000] - Train Loss: 0.0937, Validation Loss: 0.1595, Score: 0.8405
2024-09-14 20:02:19,633 - INFO - Epoch [203/1000] - Train Loss: 0.0943, Validation Loss: 0.1596, Score: 0.8404
2024-09-14 20:17:23,762 - INFO - Epoch [204/1000] - Train Loss: 0.0944, Validation Loss: 0.1560, Score: 0.8440
2024-09-14 20:32:27,088 - INFO - Epoch [205/1000] - Train Loss: 0.0942, Validation Loss: 0.1575, Score: 0.8425
2024-09-14 20:47:31,303 - INFO - Epoch [206/1000] - Train Loss: 0.0938, Validation Loss: 0.1572, Score: 0.8428
2024-09-14 21:02:34,403 - INFO - Epoch [207/1000] - Train Loss: 0.0939, Validation Loss: 0.1600, Score: 0.8400
2024-09-14 21:17:38,189 - INFO - Epoch [208/1000] - Train Loss: 0.0941, Validation Loss: 0.1607, Score: 0.8393
2024-09-14 21:32:41,714 - INFO - Epoch [209/1000] - Train Loss: 0.0940, Validation Loss: 0.1556, Score: 0.8444
2024-09-14 21:47:45,999 - INFO - Epoch [210/1000] - Train Loss: 0.0940, Validation Loss: 0.1571, Score: 0.8429
2024-09-14 22:02:48,888 - INFO - Epoch [211/1000] - Train Loss: 0.0938, Validation Loss: 0.1606, Score: 0.8394
2024-09-14 22:17:52,291 - INFO - Epoch [212/1000] - Train Loss: 0.0946, Validation Loss: 0.1565, Score: 0.8435
2024-09-14 22:32:57,580 - INFO - Epoch [213/1000] - Train Loss: 0.0938, Validation Loss: 0.1540, Score: 0.8460
2024-09-14 22:48:02,086 - INFO - Model save with dice score 0.8481641714002045 at epoch 213
2024-09-14 22:48:02,087 - INFO - Epoch [214/1000] - Train Loss: 0.0942, Validation Loss: 0.1518, Score: 0.8482
2024-09-14 23:03:05,672 - INFO - Epoch [215/1000] - Train Loss: 0.0938, Validation Loss: 0.1544, Score: 0.8456
2024-09-14 23:18:09,103 - INFO - Epoch [216/1000] - Train Loss: 0.0938, Validation Loss: 0.1556, Score: 0.8444
2024-09-14 23:33:14,725 - INFO - Epoch [217/1000] - Train Loss: 0.0936, Validation Loss: 0.1544, Score: 0.8456
2024-09-14 23:48:17,198 - INFO - Epoch [218/1000] - Train Loss: 0.0936, Validation Loss: 0.1556, Score: 0.8444
2024-09-15 00:03:21,205 - INFO - Model save with dice score 0.8494482909289884 at epoch 218
2024-09-15 00:03:21,205 - INFO - Epoch [219/1000] - Train Loss: 0.0937, Validation Loss: 0.1506, Score: 0.8494
2024-09-15 00:18:24,985 - INFO - Epoch [220/1000] - Train Loss: 0.0942, Validation Loss: 0.1664, Score: 0.8336
2024-09-15 00:33:28,438 - INFO - Epoch [221/1000] - Train Loss: 0.0936, Validation Loss: 0.1547, Score: 0.8453
2024-09-15 00:48:33,016 - INFO - Epoch [222/1000] - Train Loss: 0.0938, Validation Loss: 0.1596, Score: 0.8404
2024-09-15 01:03:36,101 - INFO - Epoch [223/1000] - Train Loss: 0.0935, Validation Loss: 0.1515, Score: 0.8485
2024-09-15 01:18:41,826 - INFO - Epoch [224/1000] - Train Loss: 0.0937, Validation Loss: 0.1564, Score: 0.8436
2024-09-15 01:33:45,471 - INFO - Epoch [225/1000] - Train Loss: 0.1005, Validation Loss: 0.1569, Score: 0.8431
2024-09-15 01:48:50,416 - INFO - Epoch [226/1000] - Train Loss: 0.0948, Validation Loss: 0.1557, Score: 0.8443
2024-09-15 02:03:54,258 - INFO - Model save with dice score 0.8495855325124633 at epoch 226
2024-09-15 02:03:54,258 - INFO - Epoch [227/1000] - Train Loss: 0.0931, Validation Loss: 0.1504, Score: 0.8496
2024-09-15 02:18:58,176 - INFO - Epoch [228/1000] - Train Loss: 0.0932, Validation Loss: 0.1561, Score: 0.8439
2024-09-15 02:34:02,598 - INFO - Epoch [229/1000] - Train Loss: 0.0933, Validation Loss: 0.1560, Score: 0.8440
2024-09-15 02:49:06,681 - INFO - Epoch [230/1000] - Train Loss: 0.0931, Validation Loss: 0.1550, Score: 0.8450
2024-09-15 03:04:10,137 - INFO - Epoch [231/1000] - Train Loss: 0.0933, Validation Loss: 0.1568, Score: 0.8432
2024-09-15 03:19:15,134 - INFO - Epoch [232/1000] - Train Loss: 0.0931, Validation Loss: 0.1560, Score: 0.8440
2024-09-15 03:34:19,589 - INFO - Epoch [233/1000] - Train Loss: 0.0931, Validation Loss: 0.1556, Score: 0.8444
2024-09-15 03:49:24,078 - INFO - Epoch [234/1000] - Train Loss: 0.0933, Validation Loss: 0.1553, Score: 0.8447
2024-09-15 04:04:28,067 - INFO - Epoch [235/1000] - Train Loss: 0.0935, Validation Loss: 0.1558, Score: 0.8442
2024-09-15 04:19:33,055 - INFO - Epoch [236/1000] - Train Loss: 0.0934, Validation Loss: 0.1552, Score: 0.8448
2024-09-15 04:34:36,317 - INFO - Epoch [237/1000] - Train Loss: 0.0934, Validation Loss: 0.1532, Score: 0.8468
2024-09-15 04:49:39,357 - INFO - Epoch [238/1000] - Train Loss: 0.0936, Validation Loss: 0.1562, Score: 0.8438
2024-09-15 05:04:43,660 - INFO - Epoch [239/1000] - Train Loss: 0.0936, Validation Loss: 0.1569, Score: 0.8431
2024-09-15 05:19:47,201 - INFO - Epoch [240/1000] - Train Loss: 0.0932, Validation Loss: 0.1552, Score: 0.8448
2024-09-15 05:34:50,601 - INFO - Model save with dice score 0.8506033718585968 at epoch 240
2024-09-15 05:34:50,601 - INFO - Epoch [241/1000] - Train Loss: 0.0933, Validation Loss: 0.1494, Score: 0.8506
2024-09-15 05:49:53,583 - INFO - Epoch [242/1000] - Train Loss: 0.0933, Validation Loss: 0.1536, Score: 0.8464
2024-09-15 06:04:56,740 - INFO - Epoch [243/1000] - Train Loss: 0.0932, Validation Loss: 0.1562, Score: 0.8438
2024-09-15 06:20:02,812 - INFO - Epoch [244/1000] - Train Loss: 0.1047, Validation Loss: 0.1786, Score: 0.8214
2024-09-15 06:35:04,356 - INFO - Epoch [245/1000] - Train Loss: 0.0948, Validation Loss: 0.1600, Score: 0.8400
2024-09-15 06:50:06,669 - INFO - Epoch [246/1000] - Train Loss: 0.0934, Validation Loss: 0.1612, Score: 0.8388
2024-09-15 07:05:10,631 - INFO - Epoch [247/1000] - Train Loss: 0.0928, Validation Loss: 0.1595, Score: 0.8405
2024-09-15 07:20:15,046 - INFO - Epoch [248/1000] - Train Loss: 0.0926, Validation Loss: 0.1581, Score: 0.8419
2024-09-15 07:35:19,958 - INFO - Epoch [249/1000] - Train Loss: 0.0928, Validation Loss: 0.1564, Score: 0.8436
2024-09-15 07:50:25,360 - INFO - Epoch [250/1000] - Train Loss: 0.0926, Validation Loss: 0.1586, Score: 0.8414
2024-09-15 08:05:29,831 - INFO - Epoch [251/1000] - Train Loss: 0.0929, Validation Loss: 0.1585, Score: 0.8415
2024-09-15 08:20:34,392 - INFO - Epoch [252/1000] - Train Loss: 0.0930, Validation Loss: 0.1573, Score: 0.8427
2024-09-15 08:35:38,193 - INFO - Epoch [253/1000] - Train Loss: 0.0929, Validation Loss: 0.1596, Score: 0.8404
2024-09-15 08:50:44,058 - INFO - Epoch [254/1000] - Train Loss: 0.0931, Validation Loss: 0.1558, Score: 0.8442
2024-09-15 09:05:47,869 - INFO - Epoch [255/1000] - Train Loss: 0.0929, Validation Loss: 0.1581, Score: 0.8419
2024-09-15 09:20:52,066 - INFO - Epoch [256/1000] - Train Loss: 0.0929, Validation Loss: 0.1550, Score: 0.8450
2024-09-15 09:35:55,760 - INFO - Epoch [257/1000] - Train Loss: 0.0930, Validation Loss: 0.1556, Score: 0.8444
2024-09-15 09:50:59,755 - INFO - Epoch [258/1000] - Train Loss: 0.0931, Validation Loss: 0.1569, Score: 0.8431
2024-09-15 10:06:04,607 - INFO - Epoch [259/1000] - Train Loss: 0.0931, Validation Loss: 0.1592, Score: 0.8408
2024-09-15 10:21:08,858 - INFO - Epoch [260/1000] - Train Loss: 0.0930, Validation Loss: 0.1613, Score: 0.8387
2024-09-15 10:36:13,276 - INFO - Epoch [261/1000] - Train Loss: 0.0931, Validation Loss: 0.1566, Score: 0.8434
2024-09-15 10:51:17,744 - INFO - Epoch [262/1000] - Train Loss: 0.0998, Validation Loss: 0.1693, Score: 0.8307
2024-09-15 11:06:21,998 - INFO - Epoch [263/1000] - Train Loss: 0.0953, Validation Loss: 0.1593, Score: 0.8407
2024-09-15 11:21:26,778 - INFO - Epoch [264/1000] - Train Loss: 0.0933, Validation Loss: 0.1593, Score: 0.8407
2024-09-15 11:36:31,708 - INFO - Epoch [265/1000] - Train Loss: 0.0925, Validation Loss: 0.1588, Score: 0.8412
2024-09-15 11:51:34,049 - INFO - Epoch [266/1000] - Train Loss: 0.0926, Validation Loss: 0.1579, Score: 0.8421
2024-09-15 12:06:39,789 - INFO - Epoch [267/1000] - Train Loss: 0.0927, Validation Loss: 0.1603, Score: 0.8397
2024-09-15 12:21:45,423 - INFO - Epoch [268/1000] - Train Loss: 0.0924, Validation Loss: 0.1596, Score: 0.8404
2024-09-15 12:36:49,970 - INFO - Epoch [269/1000] - Train Loss: 0.0925, Validation Loss: 0.1604, Score: 0.8396
2024-09-15 12:51:55,175 - INFO - Epoch [270/1000] - Train Loss: 0.0925, Validation Loss: 0.1564, Score: 0.8436
2024-09-15 13:06:58,581 - INFO - Epoch [271/1000] - Train Loss: 0.0927, Validation Loss: 0.1583, Score: 0.8417
2024-09-15 13:22:02,844 - INFO - Epoch [272/1000] - Train Loss: 0.0928, Validation Loss: 0.1601, Score: 0.8399
2024-09-15 13:37:06,322 - INFO - Epoch [273/1000] - Train Loss: 0.0929, Validation Loss: 0.1586, Score: 0.8414
2024-09-15 13:52:10,443 - INFO - Epoch [274/1000] - Train Loss: 0.0930, Validation Loss: 0.1589, Score: 0.8411
2024-09-15 14:07:14,981 - INFO - Epoch [275/1000] - Train Loss: 0.0929, Validation Loss: 0.1611, Score: 0.8389
2024-09-15 14:22:18,029 - INFO - Epoch [276/1000] - Train Loss: 0.0929, Validation Loss: 0.1589, Score: 0.8411
2024-09-15 14:37:22,277 - INFO - Epoch [277/1000] - Train Loss: 0.0930, Validation Loss: 0.1548, Score: 0.8452
2024-09-15 14:52:26,845 - INFO - Epoch [278/1000] - Train Loss: 0.0928, Validation Loss: 0.1578, Score: 0.8422
2024-09-15 15:07:30,073 - INFO - Epoch [279/1000] - Train Loss: 0.0978, Validation Loss: 0.1588, Score: 0.8412
2024-09-15 15:22:34,653 - INFO - Epoch [280/1000] - Train Loss: 0.0933, Validation Loss: 0.1589, Score: 0.8411
2024-09-15 15:37:39,068 - INFO - Epoch [281/1000] - Train Loss: 0.0928, Validation Loss: 0.1584, Score: 0.8416
2024-09-15 15:52:43,398 - INFO - Epoch [282/1000] - Train Loss: 0.0925, Validation Loss: 0.1561, Score: 0.8439
2024-09-15 16:07:47,534 - INFO - Epoch [283/1000] - Train Loss: 0.0925, Validation Loss: 0.1546, Score: 0.8454
2024-09-15 16:22:51,809 - INFO - Epoch [284/1000] - Train Loss: 0.0923, Validation Loss: 0.1576, Score: 0.8424
2024-09-15 16:37:57,192 - INFO - Epoch [285/1000] - Train Loss: 0.0924, Validation Loss: 0.1553, Score: 0.8447
2024-09-15 16:53:02,550 - INFO - Epoch [286/1000] - Train Loss: 0.0926, Validation Loss: 0.1530, Score: 0.8470
2024-09-15 17:08:06,057 - INFO - Epoch [287/1000] - Train Loss: 0.0924, Validation Loss: 0.1553, Score: 0.8447
2024-09-15 17:23:10,503 - INFO - Epoch [288/1000] - Train Loss: 0.0925, Validation Loss: 0.1531, Score: 0.8469
2024-09-15 17:38:15,239 - INFO - Epoch [289/1000] - Train Loss: 0.0928, Validation Loss: 0.1558, Score: 0.8442
2024-09-15 17:53:20,026 - INFO - Epoch [290/1000] - Train Loss: 0.0930, Validation Loss: 0.1572, Score: 0.8428
2024-09-15 18:08:25,700 - INFO - Epoch [291/1000] - Train Loss: 0.0928, Validation Loss: 0.1559, Score: 0.8441
2024-09-15 18:23:30,541 - INFO - Epoch [292/1000] - Train Loss: 0.0927, Validation Loss: 0.1656, Score: 0.8344
2024-09-15 18:38:33,968 - INFO - Epoch [293/1000] - Train Loss: 0.0933, Validation Loss: 0.1633, Score: 0.8367
2024-09-15 18:53:37,651 - INFO - Epoch [294/1000] - Train Loss: 0.0974, Validation Loss: 0.1932, Score: 0.8068
2024-09-15 19:08:40,987 - INFO - Epoch [295/1000] - Train Loss: 0.0932, Validation Loss: 0.1604, Score: 0.8396
2024-09-15 19:23:43,955 - INFO - Epoch [296/1000] - Train Loss: 0.0926, Validation Loss: 0.1630, Score: 0.8370
2024-09-15 19:38:50,915 - INFO - Epoch [297/1000] - Train Loss: 0.0923, Validation Loss: 0.1616, Score: 0.8384
2024-09-15 19:53:53,850 - INFO - Epoch [298/1000] - Train Loss: 0.0924, Validation Loss: 0.1603, Score: 0.8397
2024-09-15 20:08:57,592 - INFO - Epoch [299/1000] - Train Loss: 0.0925, Validation Loss: 0.1605, Score: 0.8395
2024-09-15 20:24:01,802 - INFO - Epoch [300/1000] - Train Loss: 0.0923, Validation Loss: 0.1576, Score: 0.8424
2024-09-15 20:39:06,600 - INFO - Epoch [301/1000] - Train Loss: 0.0926, Validation Loss: 0.1598, Score: 0.8402
2024-09-15 20:54:10,976 - INFO - Epoch [302/1000] - Train Loss: 0.0928, Validation Loss: 0.1593, Score: 0.8407
2024-09-15 21:09:15,521 - INFO - Epoch [303/1000] - Train Loss: 0.0922, Validation Loss: 0.1609, Score: 0.8391
2024-09-15 21:24:20,226 - INFO - Epoch [304/1000] - Train Loss: 0.0926, Validation Loss: 0.1601, Score: 0.8399
2024-09-15 21:39:24,634 - INFO - Epoch [305/1000] - Train Loss: 0.0925, Validation Loss: 0.1567, Score: 0.8433
2024-09-15 21:54:28,059 - INFO - Epoch [306/1000] - Train Loss: 0.0926, Validation Loss: 0.1596, Score: 0.8404
2024-09-15 22:09:33,187 - INFO - Epoch [307/1000] - Train Loss: 0.0928, Validation Loss: 0.1588, Score: 0.8412
2024-09-15 22:24:37,090 - INFO - Epoch [308/1000] - Train Loss: 0.0929, Validation Loss: 0.1569, Score: 0.8431
2024-09-15 22:39:41,111 - INFO - Epoch [309/1000] - Train Loss: 0.0926, Validation Loss: 0.1508, Score: 0.8492
2024-09-15 22:54:43,572 - INFO - Epoch [310/1000] - Train Loss: 0.0926, Validation Loss: 0.1559, Score: 0.8441
2024-09-15 23:09:47,185 - INFO - Epoch [311/1000] - Train Loss: 0.0926, Validation Loss: 0.1531, Score: 0.8469
2024-09-15 23:24:53,212 - INFO - Epoch [312/1000] - Train Loss: 0.0932, Validation Loss: 0.1576, Score: 0.8424
2024-09-15 23:39:59,548 - INFO - Epoch [313/1000] - Train Loss: 0.0928, Validation Loss: 0.1559, Score: 0.8441
2024-09-15 23:55:05,327 - INFO - Epoch [314/1000] - Train Loss: 0.0925, Validation Loss: 0.1564, Score: 0.8436
2024-09-16 00:10:10,299 - INFO - Epoch [315/1000] - Train Loss: 0.0925, Validation Loss: 0.1558, Score: 0.8442
2024-09-16 00:25:16,515 - INFO - Epoch [316/1000] - Train Loss: 0.0925, Validation Loss: 0.1542, Score: 0.8458
2024-09-16 00:40:23,232 - INFO - Epoch [317/1000] - Train Loss: 0.0927, Validation Loss: 0.1578, Score: 0.8422
2024-09-16 00:55:26,902 - INFO - Epoch [318/1000] - Train Loss: 0.0923, Validation Loss: 0.1570, Score: 0.8430
2024-09-16 01:10:31,016 - INFO - Epoch [319/1000] - Train Loss: 0.0924, Validation Loss: 0.1584, Score: 0.8416
2024-09-16 01:25:34,909 - INFO - Epoch [320/1000] - Train Loss: 0.0925, Validation Loss: 0.1580, Score: 0.8420
2024-09-16 01:40:39,313 - INFO - Epoch [321/1000] - Train Loss: 0.0923, Validation Loss: 0.1582, Score: 0.8418
2024-09-16 01:55:44,569 - INFO - Epoch [322/1000] - Train Loss: 0.0933, Validation Loss: 0.1613, Score: 0.8387
2024-09-16 02:10:49,726 - INFO - Epoch [323/1000] - Train Loss: 0.0923, Validation Loss: 0.1558, Score: 0.8442
2024-09-16 02:25:52,839 - INFO - Epoch [324/1000] - Train Loss: 0.0920, Validation Loss: 0.1565, Score: 0.8435
2024-09-16 02:40:56,386 - INFO - Epoch [325/1000] - Train Loss: 0.0925, Validation Loss: 0.1548, Score: 0.8452
2024-09-16 02:56:00,478 - INFO - Epoch [326/1000] - Train Loss: 0.0922, Validation Loss: 0.1560, Score: 0.8440
2024-09-16 03:11:03,619 - INFO - Epoch [327/1000] - Train Loss: 0.0923, Validation Loss: 0.1544, Score: 0.8456
2024-09-16 03:26:06,998 - INFO - Epoch [328/1000] - Train Loss: 0.0924, Validation Loss: 0.1506, Score: 0.8494
2024-09-16 03:41:10,614 - INFO - Epoch [329/1000] - Train Loss: 0.0922, Validation Loss: 0.1568, Score: 0.8432
2024-09-16 03:56:14,217 - INFO - Epoch [330/1000] - Train Loss: 0.0926, Validation Loss: 0.1575, Score: 0.8425
2024-09-16 04:11:18,475 - INFO - Epoch [331/1000] - Train Loss: 0.0922, Validation Loss: 0.1580, Score: 0.8420
2024-09-16 04:26:21,550 - INFO - Epoch [332/1000] - Train Loss: 0.0923, Validation Loss: 0.1554, Score: 0.8446
2024-09-16 04:41:25,619 - INFO - Epoch [333/1000] - Train Loss: 0.0923, Validation Loss: 0.1554, Score: 0.8446
2024-09-16 04:56:29,752 - INFO - Epoch [334/1000] - Train Loss: 0.0923, Validation Loss: 0.1577, Score: 0.8423
2024-09-16 05:11:33,314 - INFO - Epoch [335/1000] - Train Loss: 0.0923, Validation Loss: 0.1550, Score: 0.8450
2024-09-16 05:26:37,150 - INFO - Epoch [336/1000] - Train Loss: 0.0924, Validation Loss: 0.1556, Score: 0.8444
2024-09-16 05:41:41,510 - INFO - Epoch [337/1000] - Train Loss: 0.0922, Validation Loss: 0.1552, Score: 0.8448
2024-09-16 05:56:45,689 - INFO - Epoch [338/1000] - Train Loss: 0.0923, Validation Loss: 0.1540, Score: 0.8460
2024-09-16 06:11:49,767 - INFO - Epoch [339/1000] - Train Loss: 0.0924, Validation Loss: 0.1540, Score: 0.8460
2024-09-16 06:26:54,115 - INFO - Epoch [340/1000] - Train Loss: 0.0942, Validation Loss: 0.1559, Score: 0.8441
2024-09-16 06:41:57,352 - INFO - Epoch [341/1000] - Train Loss: 0.0929, Validation Loss: 0.1529, Score: 0.8471
2024-09-16 06:57:02,710 - INFO - Epoch [342/1000] - Train Loss: 0.0921, Validation Loss: 0.1549, Score: 0.8451
2024-09-16 07:12:08,055 - INFO - Epoch [343/1000] - Train Loss: 0.0922, Validation Loss: 0.1558, Score: 0.8442
2024-09-16 07:27:12,063 - INFO - Epoch [344/1000] - Train Loss: 0.0920, Validation Loss: 0.1540, Score: 0.8460
2024-09-16 07:42:15,364 - INFO - Epoch [345/1000] - Train Loss: 0.0921, Validation Loss: 0.1538, Score: 0.8462
2024-09-16 07:57:20,042 - INFO - Epoch [346/1000] - Train Loss: 0.0922, Validation Loss: 0.1569, Score: 0.8431
2024-09-16 08:12:23,213 - INFO - Epoch [347/1000] - Train Loss: 0.0921, Validation Loss: 0.1543, Score: 0.8457
2024-09-16 08:27:27,896 - INFO - Epoch [348/1000] - Train Loss: 0.0920, Validation Loss: 0.1557, Score: 0.8443
2024-09-16 08:42:32,155 - INFO - Epoch [349/1000] - Train Loss: 0.0930, Validation Loss: 0.1823, Score: 0.8177
2024-09-16 08:57:37,007 - INFO - Epoch [350/1000] - Train Loss: 0.0925, Validation Loss: 0.1533, Score: 0.8467
2024-09-16 09:12:41,033 - INFO - Epoch [351/1000] - Train Loss: 0.0920, Validation Loss: 0.1549, Score: 0.8451
2024-09-16 09:27:46,201 - INFO - Epoch [352/1000] - Train Loss: 0.0921, Validation Loss: 0.1541, Score: 0.8459
2024-09-16 09:42:52,460 - INFO - Epoch [353/1000] - Train Loss: 0.0921, Validation Loss: 0.1526, Score: 0.8474
2024-09-16 09:57:57,985 - INFO - Epoch [354/1000] - Train Loss: 0.0919, Validation Loss: 0.1574, Score: 0.8426
2024-09-16 10:13:03,799 - INFO - Epoch [355/1000] - Train Loss: 0.0923, Validation Loss: 0.1577, Score: 0.8423
2024-09-16 10:28:08,227 - INFO - Epoch [356/1000] - Train Loss: 0.0924, Validation Loss: 0.1559, Score: 0.8441
2024-09-16 10:43:13,361 - INFO - Epoch [357/1000] - Train Loss: 0.0922, Validation Loss: 0.1583, Score: 0.8417
2024-09-16 10:58:21,062 - INFO - Epoch [358/1000] - Train Loss: 0.0917, Validation Loss: 0.1606, Score: 0.8394
2024-09-16 11:13:26,904 - INFO - Epoch [359/1000] - Train Loss: 0.0922, Validation Loss: 0.1576, Score: 0.8424
2024-09-16 11:28:30,333 - INFO - Epoch [360/1000] - Train Loss: 0.0922, Validation Loss: 0.1608, Score: 0.8392
2024-09-16 11:43:33,761 - INFO - Epoch [361/1000] - Train Loss: 0.0921, Validation Loss: 0.1568, Score: 0.8432
2024-09-16 11:58:38,466 - INFO - Epoch [362/1000] - Train Loss: 0.0924, Validation Loss: 0.1595, Score: 0.8405
2024-09-16 12:13:43,369 - INFO - Epoch [363/1000] - Train Loss: 0.0921, Validation Loss: 0.1568, Score: 0.8432
2024-09-16 12:28:46,574 - INFO - Epoch [364/1000] - Train Loss: 0.0920, Validation Loss: 0.1567, Score: 0.8433
2024-09-16 12:43:51,203 - INFO - Epoch [365/1000] - Train Loss: 0.0921, Validation Loss: 0.1532, Score: 0.8468
2024-09-16 12:58:55,125 - INFO - Epoch [366/1000] - Train Loss: 0.0922, Validation Loss: 0.1562, Score: 0.8438
2024-09-16 13:13:58,078 - INFO - Epoch [367/1000] - Train Loss: 0.0923, Validation Loss: 0.1585, Score: 0.8415
2024-09-16 13:29:01,859 - INFO - Epoch [368/1000] - Train Loss: 0.0920, Validation Loss: 0.1550, Score: 0.8450
2024-09-16 13:44:05,671 - INFO - Epoch [369/1000] - Train Loss: 0.0924, Validation Loss: 0.1598, Score: 0.8402
2024-09-16 13:59:07,980 - INFO - Epoch [370/1000] - Train Loss: 0.0919, Validation Loss: 0.1586, Score: 0.8414
2024-09-16 14:14:13,986 - INFO - Epoch [371/1000] - Train Loss: 0.0921, Validation Loss: 0.1580, Score: 0.8420
2024-09-16 14:29:17,893 - INFO - Epoch [372/1000] - Train Loss: 0.0920, Validation Loss: 0.1576, Score: 0.8424
2024-09-16 14:44:23,100 - INFO - Epoch [373/1000] - Train Loss: 0.0922, Validation Loss: 0.1597, Score: 0.8403
2024-09-16 14:59:27,660 - INFO - Epoch [374/1000] - Train Loss: 0.0922, Validation Loss: 0.1587, Score: 0.8413
2024-09-16 15:14:33,046 - INFO - Epoch [375/1000] - Train Loss: 0.0922, Validation Loss: 0.1580, Score: 0.8420
2024-09-16 15:29:38,277 - INFO - Epoch [376/1000] - Train Loss: 0.0918, Validation Loss: 0.1572, Score: 0.8428
2024-09-16 15:44:42,334 - INFO - Epoch [377/1000] - Train Loss: 0.0921, Validation Loss: 0.1567, Score: 0.8433
2024-09-16 15:59:46,752 - INFO - Epoch [378/1000] - Train Loss: 0.0919, Validation Loss: 0.1577, Score: 0.8423
2024-09-16 16:14:52,292 - INFO - Epoch [379/1000] - Train Loss: 0.0922, Validation Loss: 0.1586, Score: 0.8414
2024-09-16 16:30:02,897 - INFO - Epoch [380/1000] - Train Loss: 0.0920, Validation Loss: 0.1580, Score: 0.8420
2024-09-16 16:45:12,721 - INFO - Epoch [381/1000] - Train Loss: 0.0922, Validation Loss: 0.1559, Score: 0.8441
2024-09-16 17:00:19,704 - INFO - Epoch [382/1000] - Train Loss: 0.0920, Validation Loss: 0.1554, Score: 0.8446
2024-09-16 17:15:25,269 - INFO - Epoch [383/1000] - Train Loss: 0.0921, Validation Loss: 0.1583, Score: 0.8417
2024-09-16 17:30:28,581 - INFO - Epoch [384/1000] - Train Loss: 0.0921, Validation Loss: 0.1541, Score: 0.8459
2024-09-16 17:45:33,013 - INFO - Epoch [385/1000] - Train Loss: 0.0920, Validation Loss: 0.1572, Score: 0.8428
2024-09-16 18:00:36,685 - INFO - Epoch [386/1000] - Train Loss: 0.0918, Validation Loss: 0.1580, Score: 0.8420
2024-09-16 18:15:41,523 - INFO - Epoch [387/1000] - Train Loss: 0.0920, Validation Loss: 0.1614, Score: 0.8386
2024-09-16 18:30:46,894 - INFO - Epoch [388/1000] - Train Loss: 0.0919, Validation Loss: 0.1566, Score: 0.8434
2024-09-16 18:46:07,654 - INFO - Epoch [389/1000] - Train Loss: 0.0922, Validation Loss: 0.1563, Score: 0.8437
2024-09-16 19:01:13,150 - INFO - Epoch [390/1000] - Train Loss: 0.0917, Validation Loss: 0.1571, Score: 0.8429
2024-09-16 19:16:17,832 - INFO - Epoch [391/1000] - Train Loss: 0.0936, Validation Loss: 0.1642, Score: 0.8358
2024-09-16 19:31:21,407 - INFO - Epoch [392/1000] - Train Loss: 0.0925, Validation Loss: 0.1577, Score: 0.8423
2024-09-16 19:46:25,334 - INFO - Epoch [393/1000] - Train Loss: 0.0920, Validation Loss: 0.1543, Score: 0.8457
2024-09-16 20:01:32,880 - INFO - Epoch [394/1000] - Train Loss: 0.0919, Validation Loss: 0.1587, Score: 0.8413
2024-09-16 20:16:38,378 - INFO - Epoch [395/1000] - Train Loss: 0.0916, Validation Loss: 0.1566, Score: 0.8434
2024-09-16 20:31:43,782 - INFO - Epoch [396/1000] - Train Loss: 0.0916, Validation Loss: 0.1584, Score: 0.8416
2024-09-16 20:46:48,842 - INFO - Epoch [397/1000] - Train Loss: 0.0916, Validation Loss: 0.1579, Score: 0.8421
2024-09-16 21:01:53,780 - INFO - Epoch [398/1000] - Train Loss: 0.0917, Validation Loss: 0.1597, Score: 0.8403
2024-09-16 21:16:58,932 - INFO - Epoch [399/1000] - Train Loss: 0.0921, Validation Loss: 0.1573, Score: 0.8427
2024-09-16 21:32:02,851 - INFO - Epoch [400/1000] - Train Loss: 0.0919, Validation Loss: 0.1553, Score: 0.8447
2024-09-16 21:47:06,905 - INFO - Epoch [401/1000] - Train Loss: 0.0919, Validation Loss: 0.1554, Score: 0.8446
2024-09-16 22:02:11,300 - INFO - Epoch [402/1000] - Train Loss: 0.0919, Validation Loss: 0.1540, Score: 0.8460
2024-09-16 22:17:14,638 - INFO - Epoch [403/1000] - Train Loss: 0.0920, Validation Loss: 0.1583, Score: 0.8417
2024-09-16 22:32:18,736 - INFO - Epoch [404/1000] - Train Loss: 0.0921, Validation Loss: 0.1576, Score: 0.8424
2024-09-16 22:47:22,836 - INFO - Epoch [405/1000] - Train Loss: 0.0918, Validation Loss: 0.1554, Score: 0.8446
2024-09-16 23:02:26,628 - INFO - Epoch [406/1000] - Train Loss: 0.0919, Validation Loss: 0.1571, Score: 0.8429
2024-09-16 23:17:31,366 - INFO - Epoch [407/1000] - Train Loss: 0.0918, Validation Loss: 0.1587, Score: 0.8413
2024-09-16 23:32:35,041 - INFO - Epoch [408/1000] - Train Loss: 0.0916, Validation Loss: 0.1593, Score: 0.8407
2024-09-16 23:47:38,813 - INFO - Epoch [409/1000] - Train Loss: 0.0915, Validation Loss: 0.1559, Score: 0.8441
2024-09-17 00:02:43,818 - INFO - Epoch [410/1000] - Train Loss: 0.0918, Validation Loss: 0.1588, Score: 0.8412
2024-09-17 00:17:48,202 - INFO - Epoch [411/1000] - Train Loss: 0.0919, Validation Loss: 0.1552, Score: 0.8448
2024-09-17 00:32:51,392 - INFO - Epoch [412/1000] - Train Loss: 0.0919, Validation Loss: 0.1558, Score: 0.8442
2024-09-17 00:47:55,676 - INFO - Epoch [413/1000] - Train Loss: 0.0918, Validation Loss: 0.1552, Score: 0.8448
2024-09-17 01:02:59,915 - INFO - Epoch [414/1000] - Train Loss: 0.0919, Validation Loss: 0.1568, Score: 0.8432
2024-09-17 01:18:03,788 - INFO - Epoch [415/1000] - Train Loss: 0.0918, Validation Loss: 0.1552, Score: 0.8448
2024-09-17 01:33:07,248 - INFO - Epoch [416/1000] - Train Loss: 0.0921, Validation Loss: 0.1543, Score: 0.8457
2024-09-17 01:48:10,995 - INFO - Epoch [417/1000] - Train Loss: 0.0919, Validation Loss: 0.1552, Score: 0.8448
2024-09-17 02:03:16,450 - INFO - Epoch [418/1000] - Train Loss: 0.0916, Validation Loss: 0.1579, Score: 0.8421
2024-09-17 02:18:21,479 - INFO - Epoch [419/1000] - Train Loss: 0.0918, Validation Loss: 0.1591, Score: 0.8409
2024-09-17 02:33:24,954 - INFO - Epoch [420/1000] - Train Loss: 0.0918, Validation Loss: 0.1563, Score: 0.8437
2024-09-17 02:48:29,774 - INFO - Epoch [421/1000] - Train Loss: 0.0918, Validation Loss: 0.1552, Score: 0.8448
2024-09-17 03:03:35,299 - INFO - Epoch [422/1000] - Train Loss: 0.0916, Validation Loss: 0.1576, Score: 0.8424
2024-09-17 03:18:39,301 - INFO - Epoch [423/1000] - Train Loss: 0.0918, Validation Loss: 0.1554, Score: 0.8446
2024-09-17 03:33:43,786 - INFO - Epoch [424/1000] - Train Loss: 0.0917, Validation Loss: 0.1554, Score: 0.8446
2024-09-17 03:48:49,984 - INFO - Epoch [425/1000] - Train Loss: 0.0917, Validation Loss: 0.1571, Score: 0.8429
2024-09-17 04:03:54,930 - INFO - Epoch [426/1000] - Train Loss: 0.0916, Validation Loss: 0.1567, Score: 0.8433
2024-09-17 04:19:00,128 - INFO - Epoch [427/1000] - Train Loss: 0.0916, Validation Loss: 0.1552, Score: 0.8448
2024-09-17 04:34:04,494 - INFO - Epoch [428/1000] - Train Loss: 0.0919, Validation Loss: 0.1556, Score: 0.8444
2024-09-17 04:49:09,615 - INFO - Epoch [429/1000] - Train Loss: 0.0919, Validation Loss: 0.1582, Score: 0.8418
2024-09-17 05:04:14,535 - INFO - Epoch [430/1000] - Train Loss: 0.0918, Validation Loss: 0.1498, Score: 0.8502
2024-09-17 05:19:18,405 - INFO - Epoch [431/1000] - Train Loss: 0.0920, Validation Loss: 0.1536, Score: 0.8464
2024-09-17 05:34:22,058 - INFO - Epoch [432/1000] - Train Loss: 0.0917, Validation Loss: 0.1562, Score: 0.8438
2024-09-17 05:49:26,718 - INFO - Epoch [433/1000] - Train Loss: 0.0918, Validation Loss: 0.1564, Score: 0.8436
2024-09-17 06:04:32,149 - INFO - Epoch [434/1000] - Train Loss: 0.0916, Validation Loss: 0.1550, Score: 0.8450
2024-09-17 06:19:36,485 - INFO - Epoch [435/1000] - Train Loss: 0.0917, Validation Loss: 0.1533, Score: 0.8467
2024-09-17 06:34:41,411 - INFO - Epoch [436/1000] - Train Loss: 0.0917, Validation Loss: 0.1540, Score: 0.8460
2024-09-17 06:49:47,489 - INFO - Epoch [437/1000] - Train Loss: 0.0915, Validation Loss: 0.1576, Score: 0.8424
2024-09-17 07:04:52,937 - INFO - Epoch [438/1000] - Train Loss: 0.0918, Validation Loss: 0.1553, Score: 0.8447
2024-09-17 07:19:59,395 - INFO - Epoch [439/1000] - Train Loss: 0.0914, Validation Loss: 0.1559, Score: 0.8441
2024-09-17 07:35:04,329 - INFO - Epoch [440/1000] - Train Loss: 0.0918, Validation Loss: 0.1563, Score: 0.8437
2024-09-17 07:50:08,101 - INFO - Epoch [441/1000] - Train Loss: 0.0919, Validation Loss: 0.1542, Score: 0.8458
2024-09-17 08:05:12,452 - INFO - Epoch [442/1000] - Train Loss: 0.0918, Validation Loss: 0.1569, Score: 0.8431
2024-09-17 08:20:16,595 - INFO - Epoch [443/1000] - Train Loss: 0.0919, Validation Loss: 0.1553, Score: 0.8447
2024-09-17 08:35:20,886 - INFO - Epoch [444/1000] - Train Loss: 0.0943, Validation Loss: 0.1599, Score: 0.8401
2024-09-17 08:50:25,406 - INFO - Epoch [445/1000] - Train Loss: 0.0928, Validation Loss: 0.1552, Score: 0.8448
2024-09-17 09:05:32,027 - INFO - Epoch [446/1000] - Train Loss: 0.0915, Validation Loss: 0.1554, Score: 0.8446
2024-09-17 09:20:36,877 - INFO - Epoch [447/1000] - Train Loss: 0.0915, Validation Loss: 0.1517, Score: 0.8483
2024-09-17 09:35:42,088 - INFO - Epoch [448/1000] - Train Loss: 0.0913, Validation Loss: 0.1550, Score: 0.8450
2024-09-17 09:50:50,364 - INFO - Epoch [449/1000] - Train Loss: 0.0914, Validation Loss: 0.1547, Score: 0.8453
2024-09-17 10:05:59,003 - INFO - Epoch [450/1000] - Train Loss: 0.0911, Validation Loss: 0.1543, Score: 0.8457
2024-09-17 10:21:07,205 - INFO - Epoch [451/1000] - Train Loss: 0.0915, Validation Loss: 0.1556, Score: 0.8444
2024-09-17 10:36:14,396 - INFO - Epoch [452/1000] - Train Loss: 0.0912, Validation Loss: 0.1554, Score: 0.8446
2024-09-17 10:51:20,515 - INFO - Epoch [453/1000] - Train Loss: 0.0915, Validation Loss: 0.1559, Score: 0.8441
2024-09-17 11:06:30,897 - INFO - Epoch [454/1000] - Train Loss: 0.0915, Validation Loss: 0.1564, Score: 0.8436
2024-09-17 11:21:38,121 - INFO - Epoch [455/1000] - Train Loss: 0.0914, Validation Loss: 0.1563, Score: 0.8437
2024-09-17 11:36:46,621 - INFO - Epoch [456/1000] - Train Loss: 0.0911, Validation Loss: 0.1573, Score: 0.8427
2024-09-17 11:51:53,896 - INFO - Epoch [457/1000] - Train Loss: 0.0916, Validation Loss: 0.1570, Score: 0.8430
2024-09-17 12:06:59,910 - INFO - Epoch [458/1000] - Train Loss: 0.0917, Validation Loss: 0.1571, Score: 0.8429
2024-09-17 12:22:04,760 - INFO - Epoch [459/1000] - Train Loss: 0.0916, Validation Loss: 0.1551, Score: 0.8449
2024-09-17 12:37:08,293 - INFO - Epoch [460/1000] - Train Loss: 0.0916, Validation Loss: 0.1599, Score: 0.8401
2024-09-17 12:52:13,051 - INFO - Epoch [461/1000] - Train Loss: 0.0915, Validation Loss: 0.1571, Score: 0.8429
2024-09-17 13:07:24,991 - INFO - Epoch [462/1000] - Train Loss: 0.0916, Validation Loss: 0.1546, Score: 0.8454
2024-09-17 13:22:35,289 - INFO - Epoch [463/1000] - Train Loss: 0.0915, Validation Loss: 0.1564, Score: 0.8436
2024-09-17 13:37:44,333 - INFO - Epoch [464/1000] - Train Loss: 0.0917, Validation Loss: 0.1581, Score: 0.8419
2024-09-17 13:52:51,521 - INFO - Epoch [465/1000] - Train Loss: 0.0916, Validation Loss: 0.1577, Score: 0.8423
2024-09-17 14:08:10,647 - INFO - Epoch [466/1000] - Train Loss: 0.0918, Validation Loss: 0.1569, Score: 0.8431
2024-09-17 14:23:36,785 - INFO - Epoch [467/1000] - Train Loss: 0.0913, Validation Loss: 0.1549, Score: 0.8451
2024-09-17 14:38:56,488 - INFO - Epoch [468/1000] - Train Loss: 0.0913, Validation Loss: 0.1555, Score: 0.8445
2024-09-17 14:54:02,574 - INFO - Epoch [469/1000] - Train Loss: 0.0917, Validation Loss: 0.1577, Score: 0.8423
2024-09-17 15:09:27,604 - INFO - Epoch [470/1000] - Train Loss: 0.0919, Validation Loss: 0.1570, Score: 0.8430
2024-09-17 15:24:37,329 - INFO - Epoch [471/1000] - Train Loss: 0.0924, Validation Loss: 0.1554, Score: 0.8446
2024-09-17 15:39:51,084 - INFO - Epoch [472/1000] - Train Loss: 0.0917, Validation Loss: 0.1560, Score: 0.8440
2024-09-17 15:55:00,776 - INFO - Epoch [473/1000] - Train Loss: 0.0913, Validation Loss: 0.1554, Score: 0.8446
2024-09-17 16:10:11,016 - INFO - Epoch [474/1000] - Train Loss: 0.0916, Validation Loss: 0.1550, Score: 0.8450
2024-09-17 16:25:20,618 - INFO - Epoch [475/1000] - Train Loss: 0.0917, Validation Loss: 0.1560, Score: 0.8440
2024-09-17 16:40:27,389 - INFO - Epoch [476/1000] - Train Loss: 0.0913, Validation Loss: 0.1562, Score: 0.8438
2024-09-17 16:55:57,276 - INFO - Epoch [477/1000] - Train Loss: 0.0915, Validation Loss: 0.1570, Score: 0.8430
2024-09-17 17:11:04,583 - INFO - Epoch [478/1000] - Train Loss: 0.0915, Validation Loss: 0.1562, Score: 0.8438
2024-09-17 17:26:11,103 - INFO - Epoch [479/1000] - Train Loss: 0.0916, Validation Loss: 0.1560, Score: 0.8440
2024-09-17 17:41:16,630 - INFO - Epoch [480/1000] - Train Loss: 0.0916, Validation Loss: 0.1554, Score: 0.8446
2024-09-17 17:56:30,805 - INFO - Epoch [481/1000] - Train Loss: 0.0912, Validation Loss: 0.1554, Score: 0.8446
2024-09-17 18:11:38,520 - INFO - Epoch [482/1000] - Train Loss: 0.0914, Validation Loss: 0.1568, Score: 0.8432
2024-09-17 18:26:46,482 - INFO - Epoch [483/1000] - Train Loss: 0.0916, Validation Loss: 0.1558, Score: 0.8442
2024-09-17 18:41:50,927 - INFO - Epoch [484/1000] - Train Loss: 0.0916, Validation Loss: 0.1568, Score: 0.8432
2024-09-17 18:57:00,117 - INFO - Epoch [485/1000] - Train Loss: 0.0917, Validation Loss: 0.1551, Score: 0.8449
2024-09-17 19:12:08,044 - INFO - Epoch [486/1000] - Train Loss: 0.0916, Validation Loss: 0.1552, Score: 0.8448
2024-09-17 19:27:14,822 - INFO - Epoch [487/1000] - Train Loss: 0.0917, Validation Loss: 0.1596, Score: 0.8404
2024-09-17 19:42:21,821 - INFO - Epoch [488/1000] - Train Loss: 0.0916, Validation Loss: 0.1588, Score: 0.8412
2024-09-17 19:57:28,933 - INFO - Epoch [489/1000] - Train Loss: 0.0915, Validation Loss: 0.1581, Score: 0.8419
2024-09-17 20:12:34,907 - INFO - Epoch [490/1000] - Train Loss: 0.0913, Validation Loss: 0.1555, Score: 0.8445
2024-09-17 20:27:41,531 - INFO - Epoch [491/1000] - Train Loss: 0.0913, Validation Loss: 0.1580, Score: 0.8420
2024-09-17 20:42:47,793 - INFO - Epoch [492/1000] - Train Loss: 0.0917, Validation Loss: 0.1549, Score: 0.8451
2024-09-17 20:57:52,603 - INFO - Epoch [493/1000] - Train Loss: 0.0916, Validation Loss: 0.1549, Score: 0.8451
2024-09-17 21:12:58,474 - INFO - Epoch [494/1000] - Train Loss: 0.0914, Validation Loss: 0.1552, Score: 0.8448
2024-09-17 21:28:04,625 - INFO - Epoch [495/1000] - Train Loss: 0.0914, Validation Loss: 0.1574, Score: 0.8426
2024-09-17 21:43:09,854 - INFO - Epoch [496/1000] - Train Loss: 0.0914, Validation Loss: 0.1582, Score: 0.8418
2024-09-17 21:58:14,726 - INFO - Epoch [497/1000] - Train Loss: 0.0915, Validation Loss: 0.1555, Score: 0.8445
2024-09-17 22:13:21,929 - INFO - Epoch [498/1000] - Train Loss: 0.0914, Validation Loss: 0.1545, Score: 0.8455
2024-09-17 22:28:28,999 - INFO - Epoch [499/1000] - Train Loss: 0.0916, Validation Loss: 0.1534, Score: 0.8466
2024-09-17 22:43:35,217 - INFO - Epoch [500/1000] - Train Loss: 0.0913, Validation Loss: 0.1546, Score: 0.8454
2024-09-17 22:58:41,480 - INFO - Epoch [501/1000] - Train Loss: 0.0913, Validation Loss: 0.1559, Score: 0.8441
2024-09-17 23:13:49,957 - INFO - Epoch [502/1000] - Train Loss: 0.0915, Validation Loss: 0.1579, Score: 0.8421
2024-09-17 23:28:56,281 - INFO - Epoch [503/1000] - Train Loss: 0.0915, Validation Loss: 0.1572, Score: 0.8428
2024-09-17 23:44:01,798 - INFO - Epoch [504/1000] - Train Loss: 0.0912, Validation Loss: 0.1567, Score: 0.8433
2024-09-17 23:59:07,810 - INFO - Epoch [505/1000] - Train Loss: 0.0915, Validation Loss: 0.1564, Score: 0.8436
2024-09-18 00:14:12,812 - INFO - Epoch [506/1000] - Train Loss: 0.0914, Validation Loss: 0.1556, Score: 0.8444
2024-09-18 00:29:18,816 - INFO - Epoch [507/1000] - Train Loss: 0.0917, Validation Loss: 0.1557, Score: 0.8443
2024-09-18 00:44:24,058 - INFO - Epoch [508/1000] - Train Loss: 0.0914, Validation Loss: 0.1554, Score: 0.8446
2024-09-18 00:59:27,018 - INFO - Epoch [509/1000] - Train Loss: 0.0913, Validation Loss: 0.1567, Score: 0.8433
2024-09-18 01:14:31,750 - INFO - Epoch [510/1000] - Train Loss: 0.0915, Validation Loss: 0.1603, Score: 0.8397
2024-09-18 01:29:37,661 - INFO - Epoch [511/1000] - Train Loss: 0.0916, Validation Loss: 0.1556, Score: 0.8444
2024-09-18 01:44:42,881 - INFO - Epoch [512/1000] - Train Loss: 0.0912, Validation Loss: 0.1568, Score: 0.8432
2024-09-18 01:59:48,387 - INFO - Epoch [513/1000] - Train Loss: 0.0914, Validation Loss: 0.1593, Score: 0.8407
2024-09-18 02:14:51,131 - INFO - Epoch [514/1000] - Train Loss: 0.0916, Validation Loss: 0.1592, Score: 0.8408
2024-09-18 02:29:55,530 - INFO - Epoch [515/1000] - Train Loss: 0.0915, Validation Loss: 0.1583, Score: 0.8417
2024-09-18 02:44:58,330 - INFO - Epoch [516/1000] - Train Loss: 0.0915, Validation Loss: 0.1576, Score: 0.8424
2024-09-18 03:00:01,085 - INFO - Epoch [517/1000] - Train Loss: 0.0913, Validation Loss: 0.1567, Score: 0.8433
2024-09-18 03:15:05,661 - INFO - Epoch [518/1000] - Train Loss: 0.0913, Validation Loss: 0.1604, Score: 0.8396
2024-09-18 03:30:10,150 - INFO - Epoch [519/1000] - Train Loss: 0.0913, Validation Loss: 0.1594, Score: 0.8406
2024-09-18 03:45:13,288 - INFO - Epoch [520/1000] - Train Loss: 0.0912, Validation Loss: 0.1579, Score: 0.8421
2024-09-18 04:00:17,636 - INFO - Epoch [521/1000] - Train Loss: 0.0913, Validation Loss: 0.1548, Score: 0.8452
2024-09-18 04:15:21,296 - INFO - Epoch [522/1000] - Train Loss: 0.0913, Validation Loss: 0.1557, Score: 0.8443
2024-09-18 04:30:24,205 - INFO - Epoch [523/1000] - Train Loss: 0.0913, Validation Loss: 0.1581, Score: 0.8419
2024-09-18 04:45:27,933 - INFO - Epoch [524/1000] - Train Loss: 0.0915, Validation Loss: 0.1582, Score: 0.8418
2024-09-18 05:00:31,695 - INFO - Epoch [525/1000] - Train Loss: 0.0915, Validation Loss: 0.1602, Score: 0.8398
2024-09-18 05:15:35,472 - INFO - Epoch [526/1000] - Train Loss: 0.0912, Validation Loss: 0.1577, Score: 0.8423
2024-09-18 05:30:40,532 - INFO - Epoch [527/1000] - Train Loss: 0.0915, Validation Loss: 0.1558, Score: 0.8442
2024-09-18 05:45:44,523 - INFO - Epoch [528/1000] - Train Loss: 0.0938, Validation Loss: 0.1592, Score: 0.8408
2024-09-18 06:00:47,392 - INFO - Epoch [529/1000] - Train Loss: 0.0917, Validation Loss: 0.1599, Score: 0.8401
2024-09-18 06:15:50,385 - INFO - Epoch [530/1000] - Train Loss: 0.0917, Validation Loss: 0.1586, Score: 0.8414
2024-09-18 06:30:54,522 - INFO - Epoch [531/1000] - Train Loss: 0.0909, Validation Loss: 0.1592, Score: 0.8408
2024-09-18 06:45:59,839 - INFO - Epoch [532/1000] - Train Loss: 0.0910, Validation Loss: 0.1593, Score: 0.8407
2024-09-18 07:01:03,948 - INFO - Epoch [533/1000] - Train Loss: 0.0910, Validation Loss: 0.1587, Score: 0.8413
2024-09-18 07:16:07,857 - INFO - Epoch [534/1000] - Train Loss: 0.0911, Validation Loss: 0.1591, Score: 0.8409
2024-09-18 07:31:11,659 - INFO - Epoch [535/1000] - Train Loss: 0.0912, Validation Loss: 0.1595, Score: 0.8405
2024-09-18 07:46:15,073 - INFO - Epoch [536/1000] - Train Loss: 0.0914, Validation Loss: 0.1584, Score: 0.8416
2024-09-18 08:01:19,662 - INFO - Epoch [537/1000] - Train Loss: 0.0909, Validation Loss: 0.1599, Score: 0.8401
2024-09-18 08:16:23,706 - INFO - Epoch [538/1000] - Train Loss: 0.0914, Validation Loss: 0.1586, Score: 0.8414
2024-09-18 08:31:26,813 - INFO - Epoch [539/1000] - Train Loss: 0.0914, Validation Loss: 0.1593, Score: 0.8407
2024-09-18 08:46:30,455 - INFO - Epoch [540/1000] - Train Loss: 0.0913, Validation Loss: 0.1600, Score: 0.8400
2024-09-18 09:01:34,998 - INFO - Epoch [541/1000] - Train Loss: 0.0913, Validation Loss: 0.1582, Score: 0.8418
2024-09-26 13:53:20,947 - INFO - Loaded checkpoint sucessfully
2024-09-26 13:53:20,950 - INFO - Loaded checkpoint sucessfully
2024-09-26 13:54:28,649 - INFO - Loaded checkpoint sucessfully
2024-09-26 13:54:28,653 - INFO - Loaded checkpoint sucessfully
2024-09-26 13:55:39,370 - INFO - Loaded checkpoint sucessfully
2024-09-26 13:55:39,373 - INFO - Loaded checkpoint sucessfully
2024-09-26 13:55:43,940 - INFO - train_size:12733, val_size:2248, test_size:2248
2024-09-26 13:58:04,788 - INFO - Loaded checkpoint sucessfully
2024-09-26 13:58:04,792 - INFO - Loaded checkpoint sucessfully
2024-09-26 13:58:09,552 - INFO - train_size:12733, val_size:2248, test_size:2248
